# Server version 0.08 running on LAPTOP-GT5R74FK:8123
# Game ID: 23
# Board class: tablut.TablutBoard
# Timeout: 700
# First Move Timeout: 30000
# Date: Sun Mar 25 23:29:42 EDT 2018
# Player 1: Player-0, 'Human', running on LAPTOP-GT5R74FK
# Player 2: Player-1, 'Human', running on LAPTOP-GT5R74FK
START Player-0 Human
START Player-1 Human
4 7 1 7 0
4 6 5 6 1
4 8 4 6 0
3 4 3 6 1
3 8 2 8 0
4 4 4 5 1
3 0 3 4 0
6 4 6 7 1
1 7 3 7 0
4 5 7 5 1
0 5 6 5 0
GAMEOVER WINNER 0
# Game ended: Sun Mar 25 23:34:18 EDT 2018
