# Server version 0.08 running on LAPTOP-GT5R74FK:8123
# Game ID: 22
# Board class: tablut.TablutBoard
# Timeout: 700
# First Move Timeout: 30000
# Date: Sun Mar 25 22:04:42 EDT 2018
# Player 1: Player-0, '260743097', running on LAPTOP-GT5R74FK
# Player 2: Player-1, 'Human', running on LAPTOP-GT5R74FK
START Player-0 260743097
START Player-1 Human
4 1 1 1 0
4 2 7 2 1
4 0 4 2 0
4 4 4 3 1
8 5 7 5 0
4 3 7 3 1
0 3 4 3 0
6 4 6 3 1
3 0 2 0 0
7 2 6 2 1
8 4 8 5 0
7 3 7 2 1
8 3 7 3 0
7 2 8 2 1
5 0 5 3 0
8 2 8 1 1
8 5 8 2 0
GAMEOVER WINNER 0
# Game ended: Sun Mar 25 22:05:45 EDT 2018
